{"asctime": "2025-11-12 10:21:01,026", "name": "ocrs.app", "levelname": "INFO", "message": "CORS initialized", "pathname": "/Users/xu/ocrs-backend/src/app.py", "lineno": 66, "taskName": null}
{"asctime": "2025-11-12 10:21:01,026", "name": "ocrs.app", "levelname": "INFO", "message": "CORS initialized", "pathname": "/Users/xu/ocrs-backend/src/app.py", "lineno": 66, "taskName": null}
{"asctime": "2025-11-12 10:21:01,027", "name": "ocrs.app", "levelname": "INFO", "message": "JWT Manager initialized", "pathname": "/Users/xu/ocrs-backend/src/app.py", "lineno": 84, "taskName": null}
{"asctime": "2025-11-12 10:21:01,027", "name": "ocrs.app", "levelname": "INFO", "message": "JWT Manager initialized", "pathname": "/Users/xu/ocrs-backend/src/app.py", "lineno": 84, "taskName": null}
{"asctime": "2025-11-12 10:21:01,028", "name": "ocrs.app", "levelname": "INFO", "message": "Swagger documentation initialized at /api/docs", "pathname": "/Users/xu/ocrs-backend/src/app.py", "lineno": 129, "taskName": null}
{"asctime": "2025-11-12 10:21:01,028", "name": "ocrs.app", "levelname": "INFO", "message": "Swagger documentation initialized at /api/docs", "pathname": "/Users/xu/ocrs-backend/src/app.py", "lineno": 129, "taskName": null}
{"asctime": "2025-11-12 10:21:01,251", "name": "ocrs.app", "levelname": "INFO", "message": "Blueprints registered", "pathname": "/Users/xu/ocrs-backend/src/app.py", "lineno": 149, "taskName": null}
{"asctime": "2025-11-12 10:21:01,251", "name": "ocrs.app", "levelname": "INFO", "message": "Blueprints registered", "pathname": "/Users/xu/ocrs-backend/src/app.py", "lineno": 149, "taskName": null}
{"asctime": "2025-11-12 10:21:01,251", "name": "ocrs.app", "levelname": "INFO", "message": "Error handlers registered", "pathname": "/Users/xu/ocrs-backend/src/app.py", "lineno": 193, "taskName": null}
{"asctime": "2025-11-12 10:21:01,251", "name": "ocrs.app", "levelname": "INFO", "message": "Error handlers registered", "pathname": "/Users/xu/ocrs-backend/src/app.py", "lineno": 193, "taskName": null}
{"asctime": "2025-11-12 10:21:01,252", "name": "ocrs.app", "levelname": "INFO", "message": "Health check endpoints registered", "pathname": "/Users/xu/ocrs-backend/src/app.py", "lineno": 233, "taskName": null}
{"asctime": "2025-11-12 10:21:01,252", "name": "ocrs.app", "levelname": "INFO", "message": "Health check endpoints registered", "pathname": "/Users/xu/ocrs-backend/src/app.py", "lineno": 233, "taskName": null}
{"asctime": "2025-11-12 10:21:01,252", "name": "ocrs.app", "levelname": "INFO", "message": "Application started in development mode", "pathname": "/Users/xu/ocrs-backend/src/app.py", "lineno": 56, "taskName": null}
{"asctime": "2025-11-12 10:21:01,252", "name": "ocrs.app", "levelname": "INFO", "message": "Application started in development mode", "pathname": "/Users/xu/ocrs-backend/src/app.py", "lineno": 56, "taskName": null}
{"asctime": "2025-11-12 10:29:08,922", "name": "ocrs.app", "levelname": "INFO", "message": "CORS initialized", "pathname": "/Users/xu/ocrs-backend/src/app.py", "lineno": 66, "taskName": null}
{"asctime": "2025-11-12 10:29:08,922", "name": "ocrs.app", "levelname": "INFO", "message": "CORS initialized", "pathname": "/Users/xu/ocrs-backend/src/app.py", "lineno": 66, "taskName": null}
{"asctime": "2025-11-12 10:29:08,922", "name": "ocrs.app", "levelname": "INFO", "message": "JWT Manager initialized", "pathname": "/Users/xu/ocrs-backend/src/app.py", "lineno": 84, "taskName": null}
{"asctime": "2025-11-12 10:29:08,922", "name": "ocrs.app", "levelname": "INFO", "message": "JWT Manager initialized", "pathname": "/Users/xu/ocrs-backend/src/app.py", "lineno": 84, "taskName": null}
{"asctime": "2025-11-12 10:29:08,923", "name": "ocrs.app", "levelname": "INFO", "message": "Swagger documentation initialized at /api/docs", "pathname": "/Users/xu/ocrs-backend/src/app.py", "lineno": 129, "taskName": null}
{"asctime": "2025-11-12 10:29:08,923", "name": "ocrs.app", "levelname": "INFO", "message": "Swagger documentation initialized at /api/docs", "pathname": "/Users/xu/ocrs-backend/src/app.py", "lineno": 129, "taskName": null}
{"asctime": "2025-11-12 10:29:09,125", "name": "ocrs.app", "levelname": "INFO", "message": "Blueprints registered", "pathname": "/Users/xu/ocrs-backend/src/app.py", "lineno": 149, "taskName": null}
{"asctime": "2025-11-12 10:29:09,125", "name": "ocrs.app", "levelname": "INFO", "message": "Blueprints registered", "pathname": "/Users/xu/ocrs-backend/src/app.py", "lineno": 149, "taskName": null}
{"asctime": "2025-11-12 10:29:09,125", "name": "ocrs.app", "levelname": "INFO", "message": "Error handlers registered", "pathname": "/Users/xu/ocrs-backend/src/app.py", "lineno": 193, "taskName": null}
{"asctime": "2025-11-12 10:29:09,125", "name": "ocrs.app", "levelname": "INFO", "message": "Error handlers registered", "pathname": "/Users/xu/ocrs-backend/src/app.py", "lineno": 193, "taskName": null}
{"asctime": "2025-11-12 10:29:09,125", "name": "ocrs.app", "levelname": "INFO", "message": "Health check endpoints registered", "pathname": "/Users/xu/ocrs-backend/src/app.py", "lineno": 233, "taskName": null}
{"asctime": "2025-11-12 10:29:09,125", "name": "ocrs.app", "levelname": "INFO", "message": "Health check endpoints registered", "pathname": "/Users/xu/ocrs-backend/src/app.py", "lineno": 233, "taskName": null}
{"asctime": "2025-11-12 10:29:09,125", "name": "ocrs.app", "levelname": "INFO", "message": "Application started in development mode", "pathname": "/Users/xu/ocrs-backend/src/app.py", "lineno": 56, "taskName": null}
{"asctime": "2025-11-12 10:29:09,125", "name": "ocrs.app", "levelname": "INFO", "message": "Application started in development mode", "pathname": "/Users/xu/ocrs-backend/src/app.py", "lineno": 56, "taskName": null}
{"asctime": "2025-11-12 10:35:19,517", "name": "ocrs.app", "levelname": "INFO", "message": "CORS initialized", "pathname": "/Users/xu/ocrs-backend/src/app.py", "lineno": 66, "taskName": null}
{"asctime": "2025-11-12 10:35:19,517", "name": "ocrs.app", "levelname": "INFO", "message": "CORS initialized", "pathname": "/Users/xu/ocrs-backend/src/app.py", "lineno": 66, "taskName": null}
{"asctime": "2025-11-12 10:35:19,518", "name": "ocrs.app", "levelname": "INFO", "message": "JWT Manager initialized", "pathname": "/Users/xu/ocrs-backend/src/app.py", "lineno": 84, "taskName": null}
{"asctime": "2025-11-12 10:35:19,518", "name": "ocrs.app", "levelname": "INFO", "message": "JWT Manager initialized", "pathname": "/Users/xu/ocrs-backend/src/app.py", "lineno": 84, "taskName": null}
{"asctime": "2025-11-12 10:35:19,519", "name": "ocrs.app", "levelname": "INFO", "message": "Swagger documentation initialized at /api/docs", "pathname": "/Users/xu/ocrs-backend/src/app.py", "lineno": 129, "taskName": null}
{"asctime": "2025-11-12 10:35:19,519", "name": "ocrs.app", "levelname": "INFO", "message": "Swagger documentation initialized at /api/docs", "pathname": "/Users/xu/ocrs-backend/src/app.py", "lineno": 129, "taskName": null}
{"asctime": "2025-11-12 10:35:19,669", "name": "ocrs.app", "levelname": "INFO", "message": "Blueprints registered", "pathname": "/Users/xu/ocrs-backend/src/app.py", "lineno": 149, "taskName": null}
{"asctime": "2025-11-12 10:35:19,669", "name": "ocrs.app", "levelname": "INFO", "message": "Blueprints registered", "pathname": "/Users/xu/ocrs-backend/src/app.py", "lineno": 149, "taskName": null}
{"asctime": "2025-11-12 10:35:19,669", "name": "ocrs.app", "levelname": "INFO", "message": "Error handlers registered", "pathname": "/Users/xu/ocrs-backend/src/app.py", "lineno": 193, "taskName": null}
{"asctime": "2025-11-12 10:35:19,669", "name": "ocrs.app", "levelname": "INFO", "message": "Error handlers registered", "pathname": "/Users/xu/ocrs-backend/src/app.py", "lineno": 193, "taskName": null}
{"asctime": "2025-11-12 10:35:19,670", "name": "ocrs.app", "levelname": "INFO", "message": "Health check endpoints registered", "pathname": "/Users/xu/ocrs-backend/src/app.py", "lineno": 233, "taskName": null}
{"asctime": "2025-11-12 10:35:19,670", "name": "ocrs.app", "levelname": "INFO", "message": "Health check endpoints registered", "pathname": "/Users/xu/ocrs-backend/src/app.py", "lineno": 233, "taskName": null}
{"asctime": "2025-11-12 10:35:19,670", "name": "ocrs.app", "levelname": "INFO", "message": "Application started in development mode", "pathname": "/Users/xu/ocrs-backend/src/app.py", "lineno": 56, "taskName": null}
{"asctime": "2025-11-12 10:35:19,670", "name": "ocrs.app", "levelname": "INFO", "message": "Application started in development mode", "pathname": "/Users/xu/ocrs-backend/src/app.py", "lineno": 56, "taskName": null}
{"asctime": "2025-11-12 10:35:21,654", "name": "ocrs.app", "levelname": "INFO", "message": "CORS initialized", "pathname": "/Users/xu/ocrs-backend/src/app.py", "lineno": 66, "taskName": null}
{"asctime": "2025-11-12 10:35:21,654", "name": "ocrs.app", "levelname": "INFO", "message": "CORS initialized", "pathname": "/Users/xu/ocrs-backend/src/app.py", "lineno": 66, "taskName": null}
{"asctime": "2025-11-12 10:35:21,654", "name": "ocrs.app", "levelname": "INFO", "message": "JWT Manager initialized", "pathname": "/Users/xu/ocrs-backend/src/app.py", "lineno": 84, "taskName": null}
{"asctime": "2025-11-12 10:35:21,654", "name": "ocrs.app", "levelname": "INFO", "message": "JWT Manager initialized", "pathname": "/Users/xu/ocrs-backend/src/app.py", "lineno": 84, "taskName": null}
{"asctime": "2025-11-12 10:35:21,655", "name": "ocrs.app", "levelname": "INFO", "message": "Swagger documentation initialized at /api/docs", "pathname": "/Users/xu/ocrs-backend/src/app.py", "lineno": 129, "taskName": null}
{"asctime": "2025-11-12 10:35:21,655", "name": "ocrs.app", "levelname": "INFO", "message": "Swagger documentation initialized at /api/docs", "pathname": "/Users/xu/ocrs-backend/src/app.py", "lineno": 129, "taskName": null}
{"asctime": "2025-11-12 10:35:21,766", "name": "ocrs.app", "levelname": "INFO", "message": "Blueprints registered", "pathname": "/Users/xu/ocrs-backend/src/app.py", "lineno": 149, "taskName": null}
{"asctime": "2025-11-12 10:35:21,766", "name": "ocrs.app", "levelname": "INFO", "message": "Blueprints registered", "pathname": "/Users/xu/ocrs-backend/src/app.py", "lineno": 149, "taskName": null}
{"asctime": "2025-11-12 10:35:21,766", "name": "ocrs.app", "levelname": "INFO", "message": "Error handlers registered", "pathname": "/Users/xu/ocrs-backend/src/app.py", "lineno": 193, "taskName": null}
{"asctime": "2025-11-12 10:35:21,766", "name": "ocrs.app", "levelname": "INFO", "message": "Error handlers registered", "pathname": "/Users/xu/ocrs-backend/src/app.py", "lineno": 193, "taskName": null}
{"asctime": "2025-11-12 10:35:21,766", "name": "ocrs.app", "levelname": "INFO", "message": "Health check endpoints registered", "pathname": "/Users/xu/ocrs-backend/src/app.py", "lineno": 233, "taskName": null}
{"asctime": "2025-11-12 10:35:21,766", "name": "ocrs.app", "levelname": "INFO", "message": "Health check endpoints registered", "pathname": "/Users/xu/ocrs-backend/src/app.py", "lineno": 233, "taskName": null}
{"asctime": "2025-11-12 10:35:21,767", "name": "ocrs.app", "levelname": "INFO", "message": "Application started in development mode", "pathname": "/Users/xu/ocrs-backend/src/app.py", "lineno": 56, "taskName": null}
{"asctime": "2025-11-12 10:35:21,767", "name": "ocrs.app", "levelname": "INFO", "message": "Application started in development mode", "pathname": "/Users/xu/ocrs-backend/src/app.py", "lineno": 56, "taskName": null}
{"asctime": "2025-11-12 10:35:26,277", "name": "ocrs.app", "levelname": "INFO", "message": "CORS initialized", "pathname": "/Users/xu/ocrs-backend/src/app.py", "lineno": 66, "taskName": null}
{"asctime": "2025-11-12 10:35:26,277", "name": "ocrs.app", "levelname": "INFO", "message": "CORS initialized", "pathname": "/Users/xu/ocrs-backend/src/app.py", "lineno": 66, "taskName": null}
{"asctime": "2025-11-12 10:35:26,277", "name": "ocrs.app", "levelname": "INFO", "message": "JWT Manager initialized", "pathname": "/Users/xu/ocrs-backend/src/app.py", "lineno": 84, "taskName": null}
{"asctime": "2025-11-12 10:35:26,277", "name": "ocrs.app", "levelname": "INFO", "message": "JWT Manager initialized", "pathname": "/Users/xu/ocrs-backend/src/app.py", "lineno": 84, "taskName": null}
{"asctime": "2025-11-12 10:35:26,278", "name": "ocrs.app", "levelname": "INFO", "message": "Swagger documentation initialized at /api/docs", "pathname": "/Users/xu/ocrs-backend/src/app.py", "lineno": 129, "taskName": null}
{"asctime": "2025-11-12 10:35:26,278", "name": "ocrs.app", "levelname": "INFO", "message": "Swagger documentation initialized at /api/docs", "pathname": "/Users/xu/ocrs-backend/src/app.py", "lineno": 129, "taskName": null}
{"asctime": "2025-11-12 10:35:26,387", "name": "ocrs.app", "levelname": "INFO", "message": "Blueprints registered", "pathname": "/Users/xu/ocrs-backend/src/app.py", "lineno": 149, "taskName": null}
{"asctime": "2025-11-12 10:35:26,387", "name": "ocrs.app", "levelname": "INFO", "message": "Blueprints registered", "pathname": "/Users/xu/ocrs-backend/src/app.py", "lineno": 149, "taskName": null}
{"asctime": "2025-11-12 10:35:26,387", "name": "ocrs.app", "levelname": "INFO", "message": "Error handlers registered", "pathname": "/Users/xu/ocrs-backend/src/app.py", "lineno": 193, "taskName": null}
{"asctime": "2025-11-12 10:35:26,387", "name": "ocrs.app", "levelname": "INFO", "message": "Error handlers registered", "pathname": "/Users/xu/ocrs-backend/src/app.py", "lineno": 193, "taskName": null}
{"asctime": "2025-11-12 10:35:26,387", "name": "ocrs.app", "levelname": "INFO", "message": "Health check endpoints registered", "pathname": "/Users/xu/ocrs-backend/src/app.py", "lineno": 233, "taskName": null}
{"asctime": "2025-11-12 10:35:26,387", "name": "ocrs.app", "levelname": "INFO", "message": "Health check endpoints registered", "pathname": "/Users/xu/ocrs-backend/src/app.py", "lineno": 233, "taskName": null}
{"asctime": "2025-11-12 10:35:26,387", "name": "ocrs.app", "levelname": "INFO", "message": "Application started in development mode", "pathname": "/Users/xu/ocrs-backend/src/app.py", "lineno": 56, "taskName": null}
{"asctime": "2025-11-12 10:35:26,387", "name": "ocrs.app", "levelname": "INFO", "message": "Application started in development mode", "pathname": "/Users/xu/ocrs-backend/src/app.py", "lineno": 56, "taskName": null}
{"asctime": "2025-11-12 10:35:26,545", "name": "ocrs.app", "levelname": "INFO", "message": "CORS initialized", "pathname": "/Users/xu/ocrs-backend/src/app.py", "lineno": 66, "taskName": null}
{"asctime": "2025-11-12 10:35:26,545", "name": "ocrs.app", "levelname": "INFO", "message": "CORS initialized", "pathname": "/Users/xu/ocrs-backend/src/app.py", "lineno": 66, "taskName": null}
{"asctime": "2025-11-12 10:35:26,545", "name": "ocrs.app", "levelname": "INFO", "message": "JWT Manager initialized", "pathname": "/Users/xu/ocrs-backend/src/app.py", "lineno": 84, "taskName": null}
{"asctime": "2025-11-12 10:35:26,545", "name": "ocrs.app", "levelname": "INFO", "message": "JWT Manager initialized", "pathname": "/Users/xu/ocrs-backend/src/app.py", "lineno": 84, "taskName": null}
{"asctime": "2025-11-12 10:35:26,546", "name": "ocrs.app", "levelname": "INFO", "message": "Swagger documentation initialized at /api/docs", "pathname": "/Users/xu/ocrs-backend/src/app.py", "lineno": 129, "taskName": null}
{"asctime": "2025-11-12 10:35:26,546", "name": "ocrs.app", "levelname": "INFO", "message": "Swagger documentation initialized at /api/docs", "pathname": "/Users/xu/ocrs-backend/src/app.py", "lineno": 129, "taskName": null}
{"asctime": "2025-11-12 10:35:26,657", "name": "ocrs.app", "levelname": "INFO", "message": "Blueprints registered", "pathname": "/Users/xu/ocrs-backend/src/app.py", "lineno": 149, "taskName": null}
{"asctime": "2025-11-12 10:35:26,657", "name": "ocrs.app", "levelname": "INFO", "message": "Blueprints registered", "pathname": "/Users/xu/ocrs-backend/src/app.py", "lineno": 149, "taskName": null}
{"asctime": "2025-11-12 10:35:26,657", "name": "ocrs.app", "levelname": "INFO", "message": "Error handlers registered", "pathname": "/Users/xu/ocrs-backend/src/app.py", "lineno": 193, "taskName": null}
{"asctime": "2025-11-12 10:35:26,657", "name": "ocrs.app", "levelname": "INFO", "message": "Error handlers registered", "pathname": "/Users/xu/ocrs-backend/src/app.py", "lineno": 193, "taskName": null}
{"asctime": "2025-11-12 10:35:26,658", "name": "ocrs.app", "levelname": "INFO", "message": "Health check endpoints registered", "pathname": "/Users/xu/ocrs-backend/src/app.py", "lineno": 233, "taskName": null}
{"asctime": "2025-11-12 10:35:26,658", "name": "ocrs.app", "levelname": "INFO", "message": "Health check endpoints registered", "pathname": "/Users/xu/ocrs-backend/src/app.py", "lineno": 233, "taskName": null}
{"asctime": "2025-11-12 10:35:26,658", "name": "ocrs.app", "levelname": "INFO", "message": "Application started in development mode", "pathname": "/Users/xu/ocrs-backend/src/app.py", "lineno": 56, "taskName": null}
{"asctime": "2025-11-12 10:35:26,658", "name": "ocrs.app", "levelname": "INFO", "message": "Application started in development mode", "pathname": "/Users/xu/ocrs-backend/src/app.py", "lineno": 56, "taskName": null}
