{"asctime": "2025-11-08 11:42:47,191", "name": "ocrs.app", "levelname": "INFO", "message": "CORS initialized", "pathname": "/home/cheyo/ocrs-backend/src/app.py", "lineno": 66, "taskName": null}
{"asctime": "2025-11-08 11:42:47,191", "name": "ocrs.app", "levelname": "INFO", "message": "CORS initialized", "pathname": "/home/cheyo/ocrs-backend/src/app.py", "lineno": 66, "taskName": null}
{"asctime": "2025-11-08 11:42:47,191", "name": "ocrs.app", "levelname": "INFO", "message": "JWT Manager initialized", "pathname": "/home/cheyo/ocrs-backend/src/app.py", "lineno": 84, "taskName": null}
{"asctime": "2025-11-08 11:42:47,191", "name": "ocrs.app", "levelname": "INFO", "message": "JWT Manager initialized", "pathname": "/home/cheyo/ocrs-backend/src/app.py", "lineno": 84, "taskName": null}
{"asctime": "2025-11-08 11:42:47,192", "name": "ocrs.app", "levelname": "INFO", "message": "Swagger documentation initialized at /api/docs", "pathname": "/home/cheyo/ocrs-backend/src/app.py", "lineno": 129, "taskName": null}
{"asctime": "2025-11-08 11:42:47,192", "name": "ocrs.app", "levelname": "INFO", "message": "Swagger documentation initialized at /api/docs", "pathname": "/home/cheyo/ocrs-backend/src/app.py", "lineno": 129, "taskName": null}
{"asctime": "2025-11-08 11:42:47,193", "name": "ocrs.app", "levelname": "INFO", "message": "Blueprints registered", "pathname": "/home/cheyo/ocrs-backend/src/app.py", "lineno": 149, "taskName": null}
{"asctime": "2025-11-08 11:42:47,193", "name": "ocrs.app", "levelname": "INFO", "message": "Blueprints registered", "pathname": "/home/cheyo/ocrs-backend/src/app.py", "lineno": 149, "taskName": null}
{"asctime": "2025-11-08 11:42:47,193", "name": "ocrs.app", "levelname": "INFO", "message": "Error handlers registered", "pathname": "/home/cheyo/ocrs-backend/src/app.py", "lineno": 193, "taskName": null}
{"asctime": "2025-11-08 11:42:47,193", "name": "ocrs.app", "levelname": "INFO", "message": "Error handlers registered", "pathname": "/home/cheyo/ocrs-backend/src/app.py", "lineno": 193, "taskName": null}
{"asctime": "2025-11-08 11:42:47,193", "name": "ocrs.app", "levelname": "INFO", "message": "Health check endpoints registered", "pathname": "/home/cheyo/ocrs-backend/src/app.py", "lineno": 233, "taskName": null}
{"asctime": "2025-11-08 11:42:47,193", "name": "ocrs.app", "levelname": "INFO", "message": "Health check endpoints registered", "pathname": "/home/cheyo/ocrs-backend/src/app.py", "lineno": 233, "taskName": null}
{"asctime": "2025-11-08 11:42:47,193", "name": "ocrs.app", "levelname": "INFO", "message": "Application started in development mode", "pathname": "/home/cheyo/ocrs-backend/src/app.py", "lineno": 56, "taskName": null}
{"asctime": "2025-11-08 11:42:47,193", "name": "ocrs.app", "levelname": "INFO", "message": "Application started in development mode", "pathname": "/home/cheyo/ocrs-backend/src/app.py", "lineno": 56, "taskName": null}
{"asctime": "2025-11-08 11:42:47,312", "name": "ocrs.app", "levelname": "INFO", "message": "CORS initialized", "pathname": "/home/cheyo/ocrs-backend/src/app.py", "lineno": 66, "taskName": null}
{"asctime": "2025-11-08 11:42:47,312", "name": "ocrs.app", "levelname": "INFO", "message": "CORS initialized", "pathname": "/home/cheyo/ocrs-backend/src/app.py", "lineno": 66, "taskName": null}
{"asctime": "2025-11-08 11:42:47,312", "name": "ocrs.app", "levelname": "INFO", "message": "JWT Manager initialized", "pathname": "/home/cheyo/ocrs-backend/src/app.py", "lineno": 84, "taskName": null}
{"asctime": "2025-11-08 11:42:47,312", "name": "ocrs.app", "levelname": "INFO", "message": "JWT Manager initialized", "pathname": "/home/cheyo/ocrs-backend/src/app.py", "lineno": 84, "taskName": null}
{"asctime": "2025-11-08 11:42:47,313", "name": "ocrs.app", "levelname": "INFO", "message": "Swagger documentation initialized at /api/docs", "pathname": "/home/cheyo/ocrs-backend/src/app.py", "lineno": 129, "taskName": null}
{"asctime": "2025-11-08 11:42:47,313", "name": "ocrs.app", "levelname": "INFO", "message": "Swagger documentation initialized at /api/docs", "pathname": "/home/cheyo/ocrs-backend/src/app.py", "lineno": 129, "taskName": null}
{"asctime": "2025-11-08 11:42:47,314", "name": "ocrs.app", "levelname": "INFO", "message": "Blueprints registered", "pathname": "/home/cheyo/ocrs-backend/src/app.py", "lineno": 149, "taskName": null}
{"asctime": "2025-11-08 11:42:47,314", "name": "ocrs.app", "levelname": "INFO", "message": "Blueprints registered", "pathname": "/home/cheyo/ocrs-backend/src/app.py", "lineno": 149, "taskName": null}
{"asctime": "2025-11-08 11:42:47,314", "name": "ocrs.app", "levelname": "INFO", "message": "Error handlers registered", "pathname": "/home/cheyo/ocrs-backend/src/app.py", "lineno": 193, "taskName": null}
{"asctime": "2025-11-08 11:42:47,314", "name": "ocrs.app", "levelname": "INFO", "message": "Error handlers registered", "pathname": "/home/cheyo/ocrs-backend/src/app.py", "lineno": 193, "taskName": null}
{"asctime": "2025-11-08 11:42:47,314", "name": "ocrs.app", "levelname": "INFO", "message": "Health check endpoints registered", "pathname": "/home/cheyo/ocrs-backend/src/app.py", "lineno": 233, "taskName": null}
{"asctime": "2025-11-08 11:42:47,314", "name": "ocrs.app", "levelname": "INFO", "message": "Health check endpoints registered", "pathname": "/home/cheyo/ocrs-backend/src/app.py", "lineno": 233, "taskName": null}
{"asctime": "2025-11-08 11:42:47,314", "name": "ocrs.app", "levelname": "INFO", "message": "Application started in development mode", "pathname": "/home/cheyo/ocrs-backend/src/app.py", "lineno": 56, "taskName": null}
{"asctime": "2025-11-08 11:42:47,314", "name": "ocrs.app", "levelname": "INFO", "message": "Application started in development mode", "pathname": "/home/cheyo/ocrs-backend/src/app.py", "lineno": 56, "taskName": null}
